D:\pinpuyi\AnalyzerCtrl2\AnalyzerCtrl\Debug\AnalyzerCtrl.dll.embed.manifest
D:\PINPUYI\ANALYZERCTRL2\ANALYZERCTRL\DEBUG\ANALYZERCTRL.DLL.EMBED.MANIFEST.RES
D:\PINPUYI\ANALYZERCTRL2\ANALYZERCTRL\DEBUG\ANALYZERCTRL.DLL.INTERMEDIATE.MANIFEST
D:\PINPUYI\ANALYZERCTRL2\ANALYZERCTRL\DEBUG\ANALYZERCTRL.PCH
D:\PINPUYI\ANALYZERCTRL2\ANALYZERCTRL\DEBUG\ANALYZERCTRL.RES
D:\pinpuyi\AnalyzerCtrl2\AnalyzerCtrl\Debug\AnalyzerCtrl.write.1.tlog
D:\pinpuyi\AnalyzerCtrl2\AnalyzerCtrl\Debug\AnalyzerCtrl_manifest.rc
D:\pinpuyi\AnalyzerCtrl2\AnalyzerCtrl\Debug\cl.command.1.tlog
D:\pinpuyi\AnalyzerCtrl2\AnalyzerCtrl\Debug\CL.read.1.tlog
D:\pinpuyi\AnalyzerCtrl2\AnalyzerCtrl\Debug\CL.write.1.tlog
D:\pinpuyi\AnalyzerCtrl2\AnalyzerCtrl\Debug\link.13576.read.1.tlog
D:\pinpuyi\AnalyzerCtrl2\AnalyzerCtrl\Debug\link.13576.write.1.tlog
D:\pinpuyi\AnalyzerCtrl2\AnalyzerCtrl\Debug\link.13576-cvtres.read.1.tlog
D:\pinpuyi\AnalyzerCtrl2\AnalyzerCtrl\Debug\link.13576-cvtres.write.1.tlog
D:\pinpuyi\AnalyzerCtrl2\AnalyzerCtrl\Debug\link.13852.read.1.tlog
D:\pinpuyi\AnalyzerCtrl2\AnalyzerCtrl\Debug\link.13852.write.1.tlog
D:\pinpuyi\AnalyzerCtrl2\AnalyzerCtrl\Debug\link.13852-cvtres.read.1.tlog
D:\pinpuyi\AnalyzerCtrl2\AnalyzerCtrl\Debug\link.13852-cvtres.write.1.tlog
D:\pinpuyi\AnalyzerCtrl2\AnalyzerCtrl\Debug\link.7276.read.1.tlog
D:\pinpuyi\AnalyzerCtrl2\AnalyzerCtrl\Debug\link.7276.write.1.tlog
D:\pinpuyi\AnalyzerCtrl2\AnalyzerCtrl\Debug\link.7276-cvtres.read.1.tlog
D:\pinpuyi\AnalyzerCtrl2\AnalyzerCtrl\Debug\link.7276-cvtres.write.1.tlog
D:\pinpuyi\AnalyzerCtrl2\AnalyzerCtrl\Debug\link.command.1.tlog
D:\pinpuyi\AnalyzerCtrl2\AnalyzerCtrl\Debug\link.read.1.tlog
D:\pinpuyi\AnalyzerCtrl2\AnalyzerCtrl\Debug\link.write.1.tlog
D:\pinpuyi\AnalyzerCtrl2\AnalyzerCtrl\Debug\link-cvtres.read.1.tlog
D:\pinpuyi\AnalyzerCtrl2\AnalyzerCtrl\Debug\link-cvtres.write.1.tlog
D:\pinpuyi\AnalyzerCtrl2\AnalyzerCtrl\Debug\mt.command.1.tlog
D:\pinpuyi\AnalyzerCtrl2\AnalyzerCtrl\Debug\mt.read.1.tlog
D:\pinpuyi\AnalyzerCtrl2\AnalyzerCtrl\Debug\mt.write.1.tlog
D:\pinpuyi\AnalyzerCtrl2\AnalyzerCtrl\Debug\rc.command.1.tlog
D:\pinpuyi\AnalyzerCtrl2\AnalyzerCtrl\Debug\rc.read.1.tlog
D:\pinpuyi\AnalyzerCtrl2\AnalyzerCtrl\Debug\rc.write.1.tlog
D:\PINPUYI\ANALYZERCTRL2\ANALYZERCTRL\DEBUG\STDAFX.OBJ
D:\pinpuyi\AnalyzerCtrl2\AnalyzerCtrl\Debug\vc100.idb
D:\PINPUYI\ANALYZERCTRL2\ANALYZERCTRL\DEBUG\VC100.PDB
D:\PINPUYI\ANALYZERCTRL2\DEBUG\ANALYZERCTRL.DLL
D:\pinpuyi\AnalyzerCtrl2\Debug\AnalyzerCtrl.exp
D:\PINPUYI\ANALYZERCTRL2\DEBUG\ANALYZERCTRL.ILK
D:\pinpuyi\AnalyzerCtrl2\Debug\AnalyzerCtrl.lib
D:\PINPUYI\ANALYZERCTRL2\DEBUG\ANALYZERCTRL.PDB
E:\DEMO\ANALYZERCTRL\ANALYZERCTRL\DEBUG\ANALYZERCTRL.DLL.EMBED.MANIFEST
E:\DEMO\ANALYZERCTRL\ANALYZERCTRL\DEBUG\ANALYZERCTRL.DLL.EMBED.MANIFEST.RES
E:\DEMO\ANALYZERCTRL\ANALYZERCTRL\DEBUG\ANALYZERCTRL.DLL.INTERMEDIATE.MANIFEST
E:\DEMO\ANALYZERCTRL\ANALYZERCTRL\DEBUG\ANALYZERCTRL.OBJ
E:\DEMO\ANALYZERCTRL\ANALYZERCTRL\DEBUG\ANALYZERCTRL.PCH
E:\DEMO\ANALYZERCTRL\ANALYZERCTRL\DEBUG\ANALYZERCTRL.RES
E:\DEMO\ANALYZERCTRL\ANALYZERCTRL\DEBUG\STDAFX.OBJ
E:\DEMO\ANALYZERCTRL\ANALYZERCTRL\DEBUG\VC100.PDB
E:\DEMO\ANALYZERCTRL\DEBUG\ANALYZERCTRL.DLL
E:\Demo\AnalyzerCtrl\Debug\AnalyzerCtrl.exp
E:\DEMO\ANALYZERCTRL\DEBUG\ANALYZERCTRL.ILK
E:\Demo\AnalyzerCtrl\Debug\AnalyzerCtrl.lib
E:\DEMO\ANALYZERCTRL\DEBUG\ANALYZERCTRL.PDB
