生成启动时间为 2017/3/28 12:38:16。
     1>项目“D:\pinpuyi\AnalyzerCtrl2\AnalyzerCtrl\AnalyzerCtrl.vcxproj”在节点 2 上(build 个目标)。
     1>InitializeBuildStatus:
         正在对“Debug\AnalyzerCtrl.unsuccessfulbuild”执行 Touch 任务。
       ClCompile:
         所有输出均为最新。
         D:\A2_Software\05_VisualStudio 2010\VC\bin\CL.exe /c /ZI /nologo /W3 /WX- /Od /Oy- /D WIN32 /D _WINDOWS /D _DEBUG /D _USRDLL /D _WINDLL /D _UNICODE /D UNICODE /D _AFXDLL /Gm /EHsc /RTC1 /MDd /GS /fp:precise /Zc:wchar_t /Zc:forScope /Yu"StdAfx.h" /Fp"Debug\AnalyzerCtrl.pch" /Fo"Debug\\" /Fd"Debug\vc100.pdb" /Gd /TP /analyze- /errorReport:prompt AnalyzerCtrl.cpp
         AnalyzerCtrl.cpp
       ResourceCompile:
         所有输出均为最新。
       ManifestResourceCompile:
         所有输出均为最新。
       Link:
         D:\A2_Software\05_VisualStudio 2010\VC\bin\link.exe /ERRORREPORT:PROMPT /OUT:"D:\pinpuyi\AnalyzerCtrl2\Debug\AnalyzerCtrl.dll" /INCREMENTAL /NOLOGO /DEF:".\AnalyzerCtrl.def" /MANIFEST /ManifestFile:"Debug\AnalyzerCtrl.dll.intermediate.manifest" /MANIFESTUAC:"level='asInvoker' uiAccess='false'" /DEBUG /PDB:"D:\pinpuyi\AnalyzerCtrl2\Debug\AnalyzerCtrl.pdb" /SUBSYSTEM:WINDOWS /TLBID:1 /DYNAMICBASE /NXCOMPAT /IMPLIB:"D:\pinpuyi\AnalyzerCtrl2\Debug\AnalyzerCtrl.lib" /MACHINE:X86 /DLL Debug\AnalyzerCtrl.res
         Debug\AnalyzerCtrl.dll.embed.manifest.res
         Debug\AnalyzerCtrl.obj
         Debug\stdafx.obj
       Manifest:
         C:\Program Files\Microsoft SDKs\Windows\v7.0A\bin\mt.exe /nologo /verbose /out:"Debug\AnalyzerCtrl.dll.embed.manifest" /manifest Debug\AnalyzerCtrl.dll.intermediate.manifest "D:\A2_Software\05_VisualStudio 2010\VC\Include\Manifest\dpiaware.manifest"
         所有输出均为最新。
       LinkEmbedManifest:
         所有输出均为最新。
         AnalyzerCtrl.vcxproj -> D:\pinpuyi\AnalyzerCtrl2\Debug\AnalyzerCtrl.dll
       FinalizeBuildStatus:
         正在删除文件“Debug\AnalyzerCtrl.unsuccessfulbuild”。
         正在对“Debug\AnalyzerCtrl.lastbuildstate”执行 Touch 任务。
     1>已完成生成项目“D:\pinpuyi\AnalyzerCtrl2\AnalyzerCtrl\AnalyzerCtrl.vcxproj”(build 个目标)的操作。

生成成功。

已用时间 00:00:06.89
